Flow report for ProjetoInfraHard
Sun Mar 28 11:57:58 2021
Quartus II Version 9.1 Build 350 03/24/2010 Service Pack 2 SJ Web Edition


---------------------
; Table of Contents ;
---------------------
  1. Legal Notice
  2. Flow Summary
  3. Flow Settings
  4. Flow Non-Default Global Settings
  5. Flow Elapsed Time
  6. Flow OS Summary
  7. Flow Log



----------------
; Legal Notice ;
----------------
Copyright (C) 1991-2010 Altera Corporation
Your use of Altera Corporation's design tools, logic functions 
and other software and tools, and its AMPP partner logic 
functions, and any output files from any of the foregoing 
(including device programming or simulation files), and any 
associated documentation or information are expressly subject 
to the terms and conditions of the Altera Program License 
Subscription Agreement, Altera MegaCore Function License 
Agreement, or other applicable license agreement, including, 
without limitation, that your use is for the sole purpose of 
programming logic devices manufactured by Altera and sold by 
Altera or its authorized distributors.  Please refer to the 
applicable agreement for further details.



+------------------------------------------------------------------------------+
; Flow Summary                                                                 ;
+-------------------------------+----------------------------------------------+
; Flow Status                   ; Successful - Sun Mar 28 11:57:58 2021        ;
; Quartus II Version            ; 9.1 Build 350 03/24/2010 SP 2 SJ Web Edition ;
; Revision Name                 ; ProjetoInfraHard                             ;
; Top-level Entity Name         ; cpu                                          ;
; Family                        ; Stratix II                                   ;
; Met timing requirements       ; No                                           ;
; Logic utilization             ; 35 %                                         ;
;     Combinational ALUTs       ; 2,956 / 12,480 ( 24 % )                      ;
;     Dedicated logic registers ; 1,903 / 12,480 ( 15 % )                      ;
; Total registers               ; 1903                                         ;
; Total pins                    ; 135 / 343 ( 39 % )                           ;
; Total virtual pins            ; 0                                            ;
; Total block memory bits       ; 8,192 / 419,328 ( 2 % )                      ;
; DSP block 9-bit elements      ; 0 / 96 ( 0 % )                               ;
; Total PLLs                    ; 0 / 6 ( 0 % )                                ;
; Total DLLs                    ; 0 / 2 ( 0 % )                                ;
; Device                        ; EP2S15F484C3                                 ;
; Timing Models                 ; Final                                        ;
+-------------------------------+----------------------------------------------+


+-----------------------------------------+
; Flow Settings                           ;
+-------------------+---------------------+
; Option            ; Setting             ;
+-------------------+---------------------+
; Start date & time ; 03/28/2021 11:57:25 ;
; Main task         ; Compilation         ;
; Revision Name     ; ProjetoInfraHard    ;
+-------------------+---------------------+


+------------------------------------------------------------------------------------------------------------------------+
; Flow Non-Default Global Settings                                                                                       ;
+------------------------------------+---------------------------------+------------------+-------------+----------------+
; Assignment Name                    ; Value                           ; Default Value    ; Entity Name ; Section Id     ;
+------------------------------------+---------------------------------+------------------+-------------+----------------+
; COMPILER_SIGNATURE_ID              ; 136935936906549.161694344506632 ; --               ; --          ; --             ;
; PARTITION_COLOR                    ; 16764057                        ; --               ; cpu         ; Top            ;
; PARTITION_NETLIST_TYPE             ; SOURCE                          ; --               ; cpu         ; Top            ;
; TOP_LEVEL_ENTITY                   ; cpu                             ; ProjetoInfraHard ; --          ; --             ;
; USE_GENERATED_PHYSICAL_CONSTRAINTS ; Off                             ; --               ; --          ; eda_blast_fpga ;
+------------------------------------+---------------------------------+------------------+-------------+----------------+


+-----------------------------------------------------------------------------------------------------------------------------+
; Flow Elapsed Time                                                                                                           ;
+-------------------------+--------------+-------------------------+---------------------+------------------------------------+
; Module Name             ; Elapsed Time ; Average Processors Used ; Peak Virtual Memory ; Total CPU Time (on all processors) ;
+-------------------------+--------------+-------------------------+---------------------+------------------------------------+
; Analysis & Synthesis    ; 00:00:17     ; 1.0                     ; 277 MB              ; 00:00:18                           ;
; Fitter                  ; 00:00:10     ; 1.0                     ; 274 MB              ; 00:00:10                           ;
; Assembler               ; 00:00:01     ; 1.0                     ; 235 MB              ; 00:00:02                           ;
; Classic Timing Analyzer ; 00:00:01     ; 1.0                     ; 184 MB              ; 00:00:01                           ;
; Total                   ; 00:00:29     ; --                      ; --                  ; 00:00:31                           ;
+-------------------------+--------------+-------------------------+---------------------+------------------------------------+


+------------------------------------------------------------------------------------------+
; Flow OS Summary                                                                          ;
+-------------------------+------------------+---------------+------------+----------------+
; Module Name             ; Machine Hostname ; OS Name       ; OS Version ; Processor type ;
+-------------------------+------------------+---------------+------------+----------------+
; Analysis & Synthesis    ; Amanda1          ; Windows Vista ; 6.2        ; x86_64         ;
; Fitter                  ; Amanda1          ; Windows Vista ; 6.2        ; x86_64         ;
; Assembler               ; Amanda1          ; Windows Vista ; 6.2        ; x86_64         ;
; Classic Timing Analyzer ; Amanda1          ; Windows Vista ; 6.2        ; x86_64         ;
+-------------------------+------------------+---------------+------------+----------------+


------------
; Flow Log ;
------------
quartus_map --read_settings_files=on --write_settings_files=off ProjetoInfraHard -c ProjetoInfraHard
quartus_fit --read_settings_files=off --write_settings_files=off ProjetoInfraHard -c ProjetoInfraHard
quartus_asm --read_settings_files=off --write_settings_files=off ProjetoInfraHard -c ProjetoInfraHard
quartus_tan --read_settings_files=off --write_settings_files=off ProjetoInfraHard -c ProjetoInfraHard --timing_analysis_only



